Successfully retrieved statistics for job: 1056199. 
+------------------------------------------------------------------------------+
| GPU ID: 0                                                                    |
+====================================+=========================================+
|-----  Execution Stats  ------------+-----------------------------------------|
| Start Time                         | Thu May 23 14:47:16 2024                |
| End Time                           | Thu May 23 18:22:51 2024                |
| Total Execution Time (sec)         | 12935                                   |
| No. of Processes                   | 1                                       |
+-----  Performance Stats  ----------+-----------------------------------------+
| Energy Consumed (Joules)           | 588838                                  |
| Power Usage (Watts)                | Avg: 141.091, Max: 162.691, Min: 65.127 |
| Max GPU Memory Used (bytes)        | 7694450688                              |
| SM Clock (MHz)                     | Avg: 1504, Max: 1530, Min: 1290         |
| Memory Clock (MHz)                 | Avg: 877, Max: 877, Min: 877            |
| SM Utilization (%)                 | Avg: 37, Max: 67, Min: 0                |
| Memory Utilization (%)             | Avg: 15, Max: 45, Min: 0                |
| PCIe Rx Bandwidth (megabytes)      | Avg: N/A, Max: N/A, Min: N/A            |
| PCIe Tx Bandwidth (megabytes)      | Avg: N/A, Max: N/A, Min: N/A            |
+-----  Event Stats  ----------------+-----------------------------------------+
| Single Bit ECC Errors              | 0                                       |
| Double Bit ECC Errors              | 0                                       |
| PCIe Replay Warnings               | 1                                       |
| Critical XID Errors                | 0                                       |
+-----  Slowdown Stats  -------------+-----------------------------------------+
| Due to - Power (%)                 | 0                                       |
|        - Thermal (%)               | 0                                       |
|        - Reliability (%)           | Not Supported                           |
|        - Board Limit (%)           | Not Supported                           |
|        - Low Utilization (%)       | Not Supported                           |
|        - Sync Boost (%)            | 0                                       |
+--  Compute Process Utilization  ---+-----------------------------------------+
| PID                                | 105067                                  |
|     Avg SM Utilization (%)         | 44                                      |
|     Avg Memory Utilization (%)     | 13                                      |
+-----  Overall Health  -------------+-----------------------------------------+
| Overall Health                     | Healthy                                 |
+------------------------------------+-----------------------------------------+

+------------------------------------------------------------------------------+
| GPU ID: 2                                                                    |
+====================================+=========================================+
|-----  Execution Stats  ------------+-----------------------------------------|
| Start Time                         | Thu May 23 14:47:16 2024                |
| End Time                           | Thu May 23 18:22:51 2024                |
| Total Execution Time (sec)         | 12935                                   |
| No. of Processes                   | 1                                       |
+-----  Performance Stats  ----------+-----------------------------------------+
| Energy Consumed (Joules)           | 570559                                  |
| Power Usage (Watts)                | Avg: 130.165, Max: 160.862, Min: 60.922 |
| Max GPU Memory Used (bytes)        | 7237271552                              |
| SM Clock (MHz)                     | Avg: 1508, Max: 1530, Min: 1290         |
| Memory Clock (MHz)                 | Avg: 877, Max: 877, Min: 877            |
| SM Utilization (%)                 | Avg: 32, Max: 54, Min: 0                |
| Memory Utilization (%)             | Avg: 14, Max: 44, Min: 0                |
| PCIe Rx Bandwidth (megabytes)      | Avg: N/A, Max: N/A, Min: N/A            |
| PCIe Tx Bandwidth (megabytes)      | Avg: N/A, Max: N/A, Min: N/A            |
+-----  Event Stats  ----------------+-----------------------------------------+
| Single Bit ECC Errors              | 0                                       |
| Double Bit ECC Errors              | 0                                       |
| PCIe Replay Warnings               | 0                                       |
| Critical XID Errors                | 0                                       |
+-----  Slowdown Stats  -------------+-----------------------------------------+
| Due to - Power (%)                 | 0                                       |
|        - Thermal (%)               | 0                                       |
|        - Reliability (%)           | Not Supported                           |
|        - Board Limit (%)           | Not Supported                           |
|        - Low Utilization (%)       | Not Supported                           |
|        - Sync Boost (%)            | 0                                       |
+--  Compute Process Utilization  ---+-----------------------------------------+
| PID                                | 105067                                  |
|     Avg SM Utilization (%)         | 44                                      |
|     Avg Memory Utilization (%)     | 13                                      |
+-----  Overall Health  -------------+-----------------------------------------+
| Overall Health                     | Healthy                                 |
+------------------------------------+-----------------------------------------+

