Successfully retrieved statistics for job: 7218. 
+------------------------------------------------------------------------------+
| GPU ID: 1                                                                    |
+====================================+=========================================+
|-----  Execution Stats  ------------+-----------------------------------------|
| Start Time                         | Thu Nov  2 17:09:10 2023                |
| End Time                           | Thu Nov  2 22:35:50 2023                |
| Total Execution Time (sec)         | 19599.5                                 |
| No. of Processes                   | 1                                       |
+-----  Performance Stats  ----------+-----------------------------------------+
| Energy Consumed (Joules)           | 645063                                  |
| Power Usage (Watts)                | Avg: 158.613, Max: 287.731, Min: 63.479 |
| Max GPU Memory Used (bytes)        | 11916017664                             |
| SM Clock (MHz)                     | Avg: 1504, Max: 1530, Min: 1290         |
| Memory Clock (MHz)                 | Avg: 877, Max: 877, Min: 877            |
| SM Utilization (%)                 | Avg: 38, Max: 85, Min: 0                |
| Memory Utilization (%)             | Avg: 16, Max: 41, Min: 0                |
| PCIe Rx Bandwidth (megabytes)      | Avg: N/A, Max: N/A, Min: N/A            |
| PCIe Tx Bandwidth (megabytes)      | Avg: N/A, Max: N/A, Min: N/A            |
+-----  Event Stats  ----------------+-----------------------------------------+
| Single Bit ECC Errors              | 0                                       |
| Double Bit ECC Errors              | 0                                       |
| PCIe Replay Warnings               | 0                                       |
| Critical XID Errors                | 0                                       |
+-----  Slowdown Stats  -------------+-----------------------------------------+
| Due to - Power (%)                 | 0                                       |
|        - Thermal (%)               | 0                                       |
|        - Reliability (%)           | Not Supported                           |
|        - Board Limit (%)           | Not Supported                           |
|        - Low Utilization (%)       | Not Supported                           |
|        - Sync Boost (%)            | 0                                       |
+--  Compute Process Utilization  ---+-----------------------------------------+
| PID                                | 216590                                  |
|     Avg SM Utilization (%)         | 51                                      |
|     Avg Memory Utilization (%)     | 15                                      |
+-----  Overall Health  -------------+-----------------------------------------+
| Overall Health                     | Healthy                                 |
+------------------------------------+-----------------------------------------+

+------------------------------------------------------------------------------+
| GPU ID: 3                                                                    |
+====================================+=========================================+
|-----  Execution Stats  ------------+-----------------------------------------|
| Start Time                         | Thu Nov  2 17:09:10 2023                |
| End Time                           | Thu Nov  2 22:35:50 2023                |
| Total Execution Time (sec)         | 19599.5                                 |
| No. of Processes                   | 1                                       |
+-----  Performance Stats  ----------+-----------------------------------------+
| Energy Consumed (Joules)           | 659654                                  |
| Power Usage (Watts)                | Avg: 164.235, Max: 298.282, Min: 64.008 |
| Max GPU Memory Used (bytes)        | 11144265728                             |
| SM Clock (MHz)                     | Avg: 1499, Max: 1530, Min: 1290         |
| Memory Clock (MHz)                 | Avg: 877, Max: 877, Min: 877            |
| SM Utilization (%)                 | Avg: 31, Max: 39, Min: 0                |
| Memory Utilization (%)             | Avg: 15, Max: 40, Min: 0                |
| PCIe Rx Bandwidth (megabytes)      | Avg: N/A, Max: N/A, Min: N/A            |
| PCIe Tx Bandwidth (megabytes)      | Avg: N/A, Max: N/A, Min: N/A            |
+-----  Event Stats  ----------------+-----------------------------------------+
| Single Bit ECC Errors              | 0                                       |
| Double Bit ECC Errors              | 0                                       |
| PCIe Replay Warnings               | 0                                       |
| Critical XID Errors                | 0                                       |
+-----  Slowdown Stats  -------------+-----------------------------------------+
| Due to - Power (%)                 | 0                                       |
|        - Thermal (%)               | 0                                       |
|        - Reliability (%)           | Not Supported                           |
|        - Board Limit (%)           | Not Supported                           |
|        - Low Utilization (%)       | Not Supported                           |
|        - Sync Boost (%)            | 0                                       |
+--  Compute Process Utilization  ---+-----------------------------------------+
| PID                                | 216590                                  |
|     Avg SM Utilization (%)         | 50                                      |
|     Avg Memory Utilization (%)     | 15                                      |
+-----  Overall Health  -------------+-----------------------------------------+
| Overall Health                     | Healthy                                 |
+------------------------------------+-----------------------------------------+

